# JRE version: OpenJDK Runtime Environment (21.0.4) (build 21.0.4+-12508038-b607.1)
# Java VM: OpenJDK 64-Bit Server VM (21.0.4+-12508038-b607.1, mixed mode, tiered, compressed oops, compressed class ptrs, g1 gc, windows-amd64)
GC Precious Log:
 CardTable entry size: 512
 Card Set container configuration: InlinePtr #cards 4 size 8 Array Of Cards #cards 16 size 48 Howl #buckets 8 coarsen threshold 3686 Howl Bitmap #cards 512 size 80 coarsen threshold 460 Card regions per heap region 1 cards per card region 4096
 CPUs: 8 total, 8 available
 Memory: 16190M
 Large Page Support: Disabled
 NUMA Support: Disabled
 Compressed Oops: Enabled (Zero based)
 Heap Region Size: 2M
 Heap Min Capacity: 8M
 Heap Initial Capacity: 254M
 Heap Max Capacity: 4048M
 Pre-touch: Disabled
 Parallel Workers: 8
 Concurrent Workers: 2
 Concurrent Refinement Workers: 8
 Periodic GC: Disabled
Heap:
 garbage-first heap   total 208896K, used 134140K [0x0000000703000000, 0x0000000800000000)
  region size 2048K, 3 young (6144K), 3 survivors (6144K)
 Metaspace       used 89086K, committed 89664K, reserved 1179648K
  class space    used 9389K, committed 9664K, reserved 1048576K
GC Heap History (20 events):
Event: 10.523 GC heap after
{Heap after GC invocations=19 (full 0):
 garbage-first heap   total 118784K, used 73255K [0x0000000703000000, 0x0000000800000000)
  region size 2048K, 3 young (6144K), 3 survivors (6144K)
 Metaspace       used 61059K, committed 61376K, reserved 1114112K
  class space    used 6926K, committed 7040K, reserved 1048576K
}
Event: 11.257 GC heap before
{Heap before GC invocations=19 (full 0):
 garbage-first heap   total 118784K, used 99879K [0x0000000703000000, 0x0000000800000000)
  region size 2048K, 16 young (32768K), 3 survivors (6144K)
 Metaspace       used 61910K, committed 62208K, reserved 1114112K
  class space    used 6994K, committed 7104K, reserved 1048576K
}
Event: 11.285 GC heap after
{Heap after GC invocations=20 (full 0):
 garbage-first heap   total 118784K, used 75954K [0x0000000703000000, 0x0000000800000000)
  region size 2048K, 2 young (4096K), 2 survivors (4096K)
 Metaspace       used 61910K, committed 62208K, reserved 1114112K
  class space    used 6994K, committed 7104K, reserved 1048576K
}
Event: 11.606 GC heap before
{Heap before GC invocations=20 (full 0):
 garbage-first heap   total 118784K, used 100530K [0x0000000703000000, 0x0000000800000000)
  region size 2048K, 14 young (28672K), 2 survivors (4096K)
 Metaspace       used 62183K, committed 62528K, reserved 1114112K
  class space    used 7004K, committed 7168K, reserved 1048576K
}
Event: 11.624 GC heap after
{Heap after GC invocations=21 (full 0):
 garbage-first heap   total 118784K, used 81423K [0x0000000703000000, 0x0000000800000000)
  region size 2048K, 2 young (4096K), 2 survivors (4096K)
 Metaspace       used 62183K, committed 62528K, reserved 1114112K
  class space    used 7004K, committed 7168K, reserved 1048576K
}
Event: 12.247 GC heap before
{Heap before GC invocations=22 (full 0):
 garbage-first heap   total 137216K, used 103951K [0x0000000703000000, 0x0000000800000000)
  region size 2048K, 13 young (26624K), 2 survivors (4096K)
 Metaspace       used 62527K, committed 62848K, reserved 1114112K
  class space    used 7018K, committed 7168K, reserved 1048576K
}
Event: 12.260 GC heap after
{Heap after GC invocations=23 (full 0):
 garbage-first heap   total 137216K, used 85531K [0x0000000703000000, 0x0000000800000000)
  region size 2048K, 2 young (4096K), 2 survivors (4096K)
 Metaspace       used 62527K, committed 62848K, reserved 1114112K
  class space    used 7018K, committed 7168K, reserved 1048576K
}
Event: 13.085 GC heap before
{Heap before GC invocations=23 (full 0):
 garbage-first heap   total 137216K, used 116251K [0x0000000703000000, 0x0000000800000000)
  region size 2048K, 18 young (36864K), 2 survivors (4096K)
 Metaspace       used 64190K, committed 64448K, reserved 1114112K
  class space    used 7110K, committed 7232K, reserved 1048576K
}
Event: 13.105 GC heap after
{Heap after GC invocations=24 (full 0):
 garbage-first heap   total 180224K, used 89588K [0x0000000703000000, 0x0000000800000000)
  region size 2048K, 3 young (6144K), 3 survivors (6144K)
 Metaspace       used 64190K, committed 64448K, reserved 1114112K
  class space    used 7110K, committed 7232K, reserved 1048576K
}
Event: 15.079 GC heap before
{Heap before GC invocations=24 (full 0):
 garbage-first heap   total 180224K, used 146932K [0x0000000703000000, 0x0000000800000000)
  region size 2048K, 31 young (63488K), 3 survivors (6144K)
 Metaspace       used 67178K, committed 67456K, reserved 1114112K
  class space    used 7382K, committed 7488K, reserved 1048576K
}
Event: 15.099 GC heap after
{Heap after GC invocations=25 (full 0):
 garbage-first heap   total 180224K, used 97882K [0x0000000703000000, 0x0000000800000000)
  region size 2048K, 4 young (8192K), 4 survivors (8192K)
 Metaspace       used 67178K, committed 67456K, reserved 1114112K
  class space    used 7382K, committed 7488K, reserved 1048576K
}
Event: 16.012 GC heap before
{Heap before GC invocations=26 (full 0):
 garbage-first heap   total 180224K, used 151130K [0x0000000703000000, 0x0000000800000000)
  region size 2048K, 30 young (61440K), 4 survivors (8192K)
 Metaspace       used 72643K, committed 72896K, reserved 1114112K
  class space    used 7830K, committed 7936K, reserved 1048576K
}
Event: 16.036 GC heap after
{Heap after GC invocations=27 (full 0):
 garbage-first heap   total 180224K, used 106117K [0x0000000703000000, 0x0000000800000000)
  region size 2048K, 4 young (8192K), 4 survivors (8192K)
 Metaspace       used 72643K, committed 72896K, reserved 1114112K
  class space    used 7830K, committed 7936K, reserved 1048576K
}
Event: 17.542 GC heap before
{Heap before GC invocations=27 (full 0):
 garbage-first heap   total 180224K, used 155269K [0x0000000703000000, 0x0000000800000000)
  region size 2048K, 28 young (57344K), 4 survivors (8192K)
 Metaspace       used 75318K, committed 75648K, reserved 1179648K
  class space    used 8062K, committed 8192K, reserved 1048576K
}
Event: 17.572 GC heap after
{Heap after GC invocations=28 (full 0):
 garbage-first heap   total 180224K, used 116322K [0x0000000703000000, 0x0000000800000000)
  region size 2048K, 4 young (8192K), 4 survivors (8192K)
 Metaspace       used 75318K, committed 75648K, reserved 1179648K
  class space    used 8062K, committed 8192K, reserved 1048576K
}
Event: 18.453 GC heap before
{Heap before GC invocations=28 (full 0):
 garbage-first heap   total 180224K, used 157282K [0x0000000703000000, 0x0000000800000000)
  region size 2048K, 24 young (49152K), 4 survivors (8192K)
 Metaspace       used 79187K, committed 79616K, reserved 1179648K
  class space    used 8420K, committed 8640K, reserved 1048576K
}
Event: 18.475 GC heap after
{Heap after GC invocations=29 (full 0):
 garbage-first heap   total 180224K, used 121785K [0x0000000703000000, 0x0000000800000000)
  region size 2048K, 3 young (6144K), 3 survivors (6144K)
 Metaspace       used 79187K, committed 79616K, reserved 1179648K
  class space    used 8420K, committed 8640K, reserved 1048576K
}
Event: 19.542 GC heap before
{Heap before GC invocations=30 (full 0):
 garbage-first heap   total 208896K, used 158649K [0x0000000703000000, 0x0000000800000000)
  region size 2048K, 21 young (43008K), 3 survivors (6144K)
 Metaspace       used 80573K, committed 81024K, reserved 1179648K
  class space    used 8570K, committed 8768K, reserved 1048576K
}
Event: 19.566 GC heap after
{Heap after GC invocations=31 (full 0):
 garbage-first heap   total 208896K, used 130320K [0x0000000703000000, 0x0000000800000000)
  region size 2048K, 3 young (6144K), 3 survivors (6144K)
 Metaspace       used 80573K, committed 81024K, reserved 1179648K
  class space    used 8570K, committed 8768K, reserved 1048576K
}
Event: 21.010 GC heap before
{Heap before GC invocations=31 (full 0):
 garbage-first heap   total 208896K, used 181520K [0x0000000703000000, 0x0000000800000000)
  region size 2048K, 28 young (57344K), 3 survivors (6144K)
 Metaspace       used 89086K, committed 89664K, reserved 1179648K
  class space    used 9389K, committed 9664K, reserved 1048576K
}

